<?xml version="1.0" encoding="UTF-8"?>
<!-- Generated by org.testng.reporters.JUnitReportReporter -->
<testsuite hostname="DESKTOP-9DJFDHQ" failures="0" tests="3" name="com.testrun.RunnerFile" time="43.907" errors="0" timestamp="2024-11-03T02:40:00 EST" skipped="0">
  <testcase classname="com.testrun.RunnerFile" name="runScenario" time="17.074"/>
  <system-out/>
  <testcase classname="com.testrun.RunnerFile" name="runScenario" time="13.184"/>
  <system-out/>
  <testcase classname="com.testrun.RunnerFile" name="runScenario" time="13.649"/>
  <system-out/>
</testsuite> <!-- com.testrun.RunnerFile -->
