<?xml version="1.0" encoding="UTF-8"?>
<!-- Generated by org.testng.reporters.JUnitReportReporter -->
<testsuite hostname="DESKTOP-9DJFDHQ" failures="0" tests="3" name="com.testrun.RunnerFile" time="145.078" errors="0" timestamp="2024-10-31T18:54:24 EDT" skipped="0">
  <testcase classname="com.testrun.RunnerFile" name="runScenario" time="44.229"/>
  <system-out/>
  <testcase classname="com.testrun.RunnerFile" name="runScenario" time="55.774"/>
  <system-out/>
  <testcase classname="com.testrun.RunnerFile" name="runScenario" time="45.075"/>
  <system-out/>
</testsuite> <!-- com.testrun.RunnerFile -->
